<?xml version="1.0" encoding="UTF-8"?>
<testng-results ignored="0" total="1" passed="1" failed="0" skipped="0">
  <reporter-output>
  </reporter-output>
  <suite started-at="2023-08-01T00:31:48 IST" name="Default suite" finished-at="2023-08-01T00:32:30 IST" duration-ms="41864">
    <groups>
    </groups>
    <test started-at="2023-08-01T00:31:48 IST" name="Default test" finished-at="2023-08-01T00:32:30 IST" duration-ms="41864">
      <class name="com.qa.pages.test1">
        <test-method signature="test1method()[pri:0, instance:com.qa.pages.test1@5b03b9fe]" started-at="2023-08-01T00:31:48 IST" name="test1method" finished-at="2023-08-01T00:32:30 IST" duration-ms="41678" status="PASS">
          <reporter-output>
          </reporter-output>
        </test-method> <!-- test1method -->
      </class> <!-- com.qa.pages.test1 -->
    </test> <!-- Default test -->
  </suite> <!-- Default suite -->
</testng-results>
