<?xml version="1.0" encoding="UTF-8"?>
<testng-results ignored="0" total="1" passed="1" failed="0" skipped="0">
  <reporter-output>
  </reporter-output>
  <suite started-at="2023-07-07T17:30:49 IST" name="Default suite" finished-at="2023-07-07T17:30:49 IST" duration-ms="185">
    <groups>
    </groups>
    <test started-at="2023-07-07T17:30:49 IST" name="Default test" finished-at="2023-07-07T17:30:49 IST" duration-ms="185">
      <class name="com.qa.tests.LoginTest">
        <test-method signature="logintest()[pri:0, instance:com.qa.tests.LoginTest@2f217633]" started-at="2023-07-07T17:30:49 IST" name="logintest" finished-at="2023-07-07T17:30:49 IST" duration-ms="67" status="PASS">
          <reporter-output>
          </reporter-output>
        </test-method> <!-- logintest -->
      </class> <!-- com.qa.tests.LoginTest -->
    </test> <!-- Default test -->
  </suite> <!-- Default suite -->
</testng-results>
